{"C:\\Users\\Ivan\\WebstormProjects\\TypeScript-Courses\\15-TaskManager\\Employee\\Employee.js": {"path":"C:\\Users\\Ivan\\WebstormProjects\\TypeScript-Courses\\15-TaskManager\\Employee\\Employee.js","statementMap":{"0":{"start":{"line":2,"column":0},"end":{"line":2,"column":62}},"1":{"start":{"line":3,"column":0},"end":{"line":3,"column":26}},"2":{"start":{"line":6,"column":8},"end":{"line":6,"column":25}},"3":{"start":{"line":7,"column":8},"end":{"line":7,"column":26}},"4":{"start":{"line":8,"column":8},"end":{"line":8,"column":34}},"5":{"start":{"line":9,"column":8},"end":{"line":9,"column":40}},"6":{"start":{"line":12,"column":8},"end":{"line":12,"column":27}},"7":{"start":{"line":15,"column":8},"end":{"line":15,"column":24}},"8":{"start":{"line":18,"column":8},"end":{"line":18,"column":26}},"9":{"start":{"line":21,"column":8},"end":{"line":21,"column":30}},"10":{"start":{"line":24,"column":8},"end":{"line":24,"column":34}},"11":{"start":{"line":27,"column":0},"end":{"line":27,"column":28}},"12":{"start":{"line":28,"column":0},"end":{"line":28,"column":23}}},"fnMap":{"0":{"name":"(anonymous_0)","decl":{"start":{"line":5,"column":4},"end":{"line":5,"column":5}},"loc":{"start":{"line":5,"column":32},"end":{"line":10,"column":5}},"line":5},"1":{"name":"(anonymous_1)","decl":{"start":{"line":11,"column":4},"end":{"line":11,"column":5}},"loc":{"start":{"line":11,"column":16},"end":{"line":13,"column":5}},"line":11},"2":{"name":"(anonymous_2)","decl":{"start":{"line":14,"column":4},"end":{"line":14,"column":5}},"loc":{"start":{"line":14,"column":13},"end":{"line":16,"column":5}},"line":14},"3":{"name":"(anonymous_3)","decl":{"start":{"line":17,"column":4},"end":{"line":17,"column":5}},"loc":{"start":{"line":17,"column":15},"end":{"line":19,"column":5}},"line":17},"4":{"name":"(anonymous_4)","decl":{"start":{"line":20,"column":4},"end":{"line":20,"column":5}},"loc":{"start":{"line":20,"column":19},"end":{"line":22,"column":5}},"line":20},"5":{"name":"(anonymous_5)","decl":{"start":{"line":23,"column":4},"end":{"line":23,"column":5}},"loc":{"start":{"line":23,"column":37},"end":{"line":25,"column":5}},"line":23}},"branchMap":{},"s":{"0":1,"1":1,"2":1,"3":1,"4":1,"5":1,"6":0,"7":0,"8":0,"9":0,"10":0,"11":1,"12":1},"f":{"0":1,"1":0,"2":0,"3":0,"4":0,"5":0},"b":{},"inputSourceMap":null,"_coverageSchema":"1a1c01bbd47fc00a2c39e90264f33305004495a9","hash":"45d000f666ac7158e24a1524d92f006ab563bfe7"}
,"C:\\Users\\Ivan\\WebstormProjects\\TypeScript-Courses\\15-TaskManager\\Employee\\EmployeePositions.js": {"path":"C:\\Users\\Ivan\\WebstormProjects\\TypeScript-Courses\\15-TaskManager\\Employee\\EmployeePositions.js","statementMap":{"0":{"start":{"line":2,"column":0},"end":{"line":2,"column":62}},"1":{"start":{"line":3,"column":0},"end":{"line":3,"column":35}},"2":{"start":{"line":5,"column":0},"end":{"line":9,"column":78}},"3":{"start":{"line":6,"column":4},"end":{"line":6,"column":43}},"4":{"start":{"line":7,"column":4},"end":{"line":7,"column":43}},"5":{"start":{"line":8,"column":4},"end":{"line":8,"column":43}}},"fnMap":{"0":{"name":"(anonymous_0)","decl":{"start":{"line":5,"column":1},"end":{"line":5,"column":2}},"loc":{"start":{"line":5,"column":30},"end":{"line":9,"column":1}},"line":5}},"branchMap":{"0":{"loc":{"start":{"line":9,"column":3},"end":{"line":9,"column":76}},"type":"binary-expr","locations":[{"start":{"line":9,"column":3},"end":{"line":9,"column":20}},{"start":{"line":9,"column":25},"end":{"line":9,"column":75}}],"line":9}},"s":{"0":1,"1":1,"2":1,"3":1,"4":1,"5":1},"f":{"0":1},"b":{"0":[1,1]},"inputSourceMap":null,"_coverageSchema":"1a1c01bbd47fc00a2c39e90264f33305004495a9","hash":"671785b5ec7e0200fa8f99eec9d90775a6fd7e98"}
,"C:\\Users\\Ivan\\WebstormProjects\\TypeScript-Courses\\15-TaskManager\\Task\\Task.js": {"path":"C:\\Users\\Ivan\\WebstormProjects\\TypeScript-Courses\\15-TaskManager\\Task\\Task.js","statementMap":{"0":{"start":{"line":2,"column":0},"end":{"line":2,"column":62}},"1":{"start":{"line":3,"column":0},"end":{"line":3,"column":22}},"2":{"start":{"line":6,"column":8},"end":{"line":6,"column":28}},"3":{"start":{"line":7,"column":8},"end":{"line":7,"column":32}},"4":{"start":{"line":8,"column":8},"end":{"line":8,"column":30}},"5":{"start":{"line":9,"column":8},"end":{"line":9,"column":26}},"6":{"start":{"line":10,"column":8},"end":{"line":10,"column":40}},"7":{"start":{"line":11,"column":8},"end":{"line":11,"column":34}},"8":{"start":{"line":12,"column":8},"end":{"line":12,"column":40}},"9":{"start":{"line":13,"column":8},"end":{"line":13,"column":36}},"10":{"start":{"line":14,"column":8},"end":{"line":14,"column":38}},"11":{"start":{"line":17,"column":8},"end":{"line":17,"column":27}},"12":{"start":{"line":20,"column":8},"end":{"line":20,"column":29}},"13":{"start":{"line":23,"column":8},"end":{"line":23,"column":28}},"14":{"start":{"line":26,"column":8},"end":{"line":26,"column":26}},"15":{"start":{"line":29,"column":8},"end":{"line":29,"column":34}},"16":{"start":{"line":32,"column":8},"end":{"line":32,"column":33}},"17":{"start":{"line":35,"column":8},"end":{"line":35,"column":30}},"18":{"start":{"line":38,"column":8},"end":{"line":38,"column":24}},"19":{"start":{"line":41,"column":8},"end":{"line":41,"column":32}},"20":{"start":{"line":44,"column":8},"end":{"line":44,"column":26}},"21":{"start":{"line":47,"column":0},"end":{"line":47,"column":20}},"22":{"start":{"line":48,"column":0},"end":{"line":48,"column":19}}},"fnMap":{"0":{"name":"(anonymous_0)","decl":{"start":{"line":5,"column":4},"end":{"line":5,"column":5}},"loc":{"start":{"line":5,"column":81},"end":{"line":15,"column":5}},"line":5},"1":{"name":"(anonymous_1)","decl":{"start":{"line":16,"column":4},"end":{"line":16,"column":5}},"loc":{"start":{"line":16,"column":16},"end":{"line":18,"column":5}},"line":16},"2":{"name":"(anonymous_2)","decl":{"start":{"line":19,"column":4},"end":{"line":19,"column":5}},"loc":{"start":{"line":19,"column":18},"end":{"line":21,"column":5}},"line":19},"3":{"name":"(anonymous_3)","decl":{"start":{"line":22,"column":4},"end":{"line":22,"column":5}},"loc":{"start":{"line":22,"column":17},"end":{"line":24,"column":5}},"line":22},"4":{"name":"(anonymous_4)","decl":{"start":{"line":25,"column":4},"end":{"line":25,"column":5}},"loc":{"start":{"line":25,"column":15},"end":{"line":27,"column":5}},"line":25},"5":{"name":"(anonymous_5)","decl":{"start":{"line":28,"column":4},"end":{"line":28,"column":5}},"loc":{"start":{"line":28,"column":23},"end":{"line":30,"column":5}},"line":28},"6":{"name":"(anonymous_6)","decl":{"start":{"line":31,"column":4},"end":{"line":31,"column":5}},"loc":{"start":{"line":31,"column":22},"end":{"line":33,"column":5}},"line":31},"7":{"name":"(anonymous_7)","decl":{"start":{"line":34,"column":4},"end":{"line":34,"column":5}},"loc":{"start":{"line":34,"column":19},"end":{"line":36,"column":5}},"line":34},"8":{"name":"(anonymous_8)","decl":{"start":{"line":37,"column":4},"end":{"line":37,"column":5}},"loc":{"start":{"line":37,"column":13},"end":{"line":39,"column":5}},"line":37},"9":{"name":"(anonymous_9)","decl":{"start":{"line":40,"column":4},"end":{"line":40,"column":5}},"loc":{"start":{"line":40,"column":21},"end":{"line":42,"column":5}},"line":40},"10":{"name":"(anonymous_10)","decl":{"start":{"line":43,"column":4},"end":{"line":43,"column":5}},"loc":{"start":{"line":43,"column":21},"end":{"line":45,"column":5}},"line":43}},"branchMap":{},"s":{"0":1,"1":1,"2":1,"3":1,"4":1,"5":1,"6":1,"7":1,"8":1,"9":1,"10":1,"11":0,"12":0,"13":0,"14":0,"15":0,"16":0,"17":0,"18":0,"19":0,"20":0,"21":1,"22":1},"f":{"0":1,"1":0,"2":0,"3":0,"4":0,"5":0,"6":0,"7":0,"8":0,"9":0,"10":0},"b":{},"inputSourceMap":null,"_coverageSchema":"1a1c01bbd47fc00a2c39e90264f33305004495a9","hash":"89b1f82b974f04a3a28949fec375b672930cfc8d"}
,"C:\\Users\\Ivan\\WebstormProjects\\TypeScript-Courses\\15-TaskManager\\Task\\Manager\\TaskManager.js": {"path":"C:\\Users\\Ivan\\WebstormProjects\\TypeScript-Courses\\15-TaskManager\\Task\\Manager\\TaskManager.js","statementMap":{"0":{"start":{"line":2,"column":0},"end":{"line":2,"column":62}},"1":{"start":{"line":3,"column":0},"end":{"line":3,"column":29}},"2":{"start":{"line":4,"column":19},"end":{"line":4,"column":52}},"3":{"start":{"line":5,"column":21},"end":{"line":5,"column":60}},"4":{"start":{"line":8,"column":8},"end":{"line":8,"column":16}},"5":{"start":{"line":9,"column":8},"end":{"line":9,"column":24}},"6":{"start":{"line":12,"column":8},"end":{"line":12,"column":47}},"7":{"start":{"line":15,"column":8},"end":{"line":15,"column":45}},"8":{"start":{"line":18,"column":8},"end":{"line":19,"column":62}},"9":{"start":{"line":19,"column":12},"end":{"line":19,"column":62}},"10":{"start":{"line":20,"column":30},"end":{"line":20,"column":45}},"11":{"start":{"line":21,"column":8},"end":{"line":21,"column":50}},"12":{"start":{"line":22,"column":8},"end":{"line":22,"column":29}},"13":{"start":{"line":25,"column":8},"end":{"line":26,"column":62}},"14":{"start":{"line":26,"column":12},"end":{"line":26,"column":62}},"15":{"start":{"line":27,"column":28},"end":{"line":27,"column":43}},"16":{"start":{"line":28,"column":8},"end":{"line":28,"column":54}},"17":{"start":{"line":31,"column":8},"end":{"line":33,"column":9}},"18":{"start":{"line":31,"column":44},"end":{"line":31,"column":71}},"19":{"start":{"line":32,"column":12},"end":{"line":32,"column":68}},"20":{"start":{"line":34,"column":8},"end":{"line":34,"column":30}},"21":{"start":{"line":37,"column":8},"end":{"line":37,"column":38}},"22":{"start":{"line":38,"column":8},"end":{"line":40,"column":11}},"23":{"start":{"line":39,"column":12},"end":{"line":39,"column":159}},"24":{"start":{"line":43,"column":29},"end":{"line":43,"column":50}},"25":{"start":{"line":44,"column":8},"end":{"line":46,"column":9}},"26":{"start":{"line":45,"column":12},"end":{"line":45,"column":67}},"27":{"start":{"line":47,"column":8},"end":{"line":49,"column":9}},"28":{"start":{"line":48,"column":12},"end":{"line":48,"column":80}},"29":{"start":{"line":50,"column":8},"end":{"line":52,"column":9}},"30":{"start":{"line":51,"column":12},"end":{"line":51,"column":87}},"31":{"start":{"line":53,"column":8},"end":{"line":53,"column":45}},"32":{"start":{"line":56,"column":30},"end":{"line":56,"column":74}},"33":{"start":{"line":56,"column":59},"end":{"line":56,"column":73}},"34":{"start":{"line":57,"column":8},"end":{"line":59,"column":9}},"35":{"start":{"line":58,"column":12},"end":{"line":58,"column":67}},"36":{"start":{"line":60,"column":8},"end":{"line":60,"column":44}},"37":{"start":{"line":63,"column":29},"end":{"line":63,"column":50}},"38":{"start":{"line":64,"column":8},"end":{"line":66,"column":9}},"39":{"start":{"line":65,"column":12},"end":{"line":65,"column":67}},"40":{"start":{"line":67,"column":8},"end":{"line":69,"column":9}},"41":{"start":{"line":68,"column":12},"end":{"line":68,"column":87}},"42":{"start":{"line":70,"column":8},"end":{"line":70,"column":38}},"43":{"start":{"line":71,"column":8},"end":{"line":71,"column":22}},"44":{"start":{"line":74,"column":8},"end":{"line":74,"column":55}},"45":{"start":{"line":74,"column":39},"end":{"line":74,"column":53}},"46":{"start":{"line":77,"column":0},"end":{"line":77,"column":34}}},"fnMap":{"0":{"name":"(anonymous_0)","decl":{"start":{"line":7,"column":4},"end":{"line":7,"column":5}},"loc":{"start":{"line":7,"column":18},"end":{"line":10,"column":5}},"line":7},"1":{"name":"(anonymous_1)","decl":{"start":{"line":11,"column":4},"end":{"line":11,"column":5}},"loc":{"start":{"line":11,"column":40},"end":{"line":13,"column":5}},"line":11},"2":{"name":"(anonymous_2)","decl":{"start":{"line":14,"column":4},"end":{"line":14,"column":5}},"loc":{"start":{"line":14,"column":38},"end":{"line":16,"column":5}},"line":14},"3":{"name":"(anonymous_3)","decl":{"start":{"line":17,"column":4},"end":{"line":17,"column":5}},"loc":{"start":{"line":17,"column":18},"end":{"line":23,"column":5}},"line":17},"4":{"name":"(anonymous_4)","decl":{"start":{"line":24,"column":4},"end":{"line":24,"column":5}},"loc":{"start":{"line":24,"column":16},"end":{"line":29,"column":5}},"line":24},"5":{"name":"(anonymous_5)","decl":{"start":{"line":30,"column":4},"end":{"line":30,"column":5}},"loc":{"start":{"line":30,"column":21},"end":{"line":35,"column":5}},"line":30},"6":{"name":"(anonymous_6)","decl":{"start":{"line":31,"column":28},"end":{"line":31,"column":29}},"loc":{"start":{"line":31,"column":44},"end":{"line":31,"column":71}},"line":31},"7":{"name":"(anonymous_7)","decl":{"start":{"line":36,"column":4},"end":{"line":36,"column":5}},"loc":{"start":{"line":36,"column":16},"end":{"line":41,"column":5}},"line":36},"8":{"name":"(anonymous_8)","decl":{"start":{"line":38,"column":27},"end":{"line":38,"column":28}},"loc":{"start":{"line":38,"column":35},"end":{"line":40,"column":9}},"line":38},"9":{"name":"(anonymous_9)","decl":{"start":{"line":42,"column":4},"end":{"line":42,"column":5}},"loc":{"start":{"line":42,"column":26},"end":{"line":54,"column":5}},"line":42},"10":{"name":"(anonymous_10)","decl":{"start":{"line":55,"column":4},"end":{"line":55,"column":5}},"loc":{"start":{"line":55,"column":19},"end":{"line":61,"column":5}},"line":55},"11":{"name":"(anonymous_11)","decl":{"start":{"line":56,"column":51},"end":{"line":56,"column":52}},"loc":{"start":{"line":56,"column":59},"end":{"line":56,"column":73}},"line":56},"12":{"name":"(anonymous_12)","decl":{"start":{"line":62,"column":4},"end":{"line":62,"column":5}},"loc":{"start":{"line":62,"column":29},"end":{"line":72,"column":5}},"line":62},"13":{"name":"(anonymous_13)","decl":{"start":{"line":73,"column":4},"end":{"line":73,"column":5}},"loc":{"start":{"line":73,"column":21},"end":{"line":75,"column":5}},"line":73},"14":{"name":"(anonymous_14)","decl":{"start":{"line":74,"column":31},"end":{"line":74,"column":32}},"loc":{"start":{"line":74,"column":39},"end":{"line":74,"column":53}},"line":74}},"branchMap":{"0":{"loc":{"start":{"line":18,"column":8},"end":{"line":19,"column":62}},"type":"if","locations":[{"start":{"line":18,"column":8},"end":{"line":19,"column":62}},{"start":{},"end":{}}],"line":18},"1":{"loc":{"start":{"line":25,"column":8},"end":{"line":26,"column":62}},"type":"if","locations":[{"start":{"line":25,"column":8},"end":{"line":26,"column":62}},{"start":{},"end":{}}],"line":25},"2":{"loc":{"start":{"line":31,"column":8},"end":{"line":33,"column":9}},"type":"if","locations":[{"start":{"line":31,"column":8},"end":{"line":33,"column":9}},{"start":{},"end":{}}],"line":31},"3":{"loc":{"start":{"line":39,"column":102},"end":{"line":39,"column":155}},"type":"cond-expr","locations":[{"start":{"line":39,"column":120},"end":{"line":39,"column":140}},{"start":{"line":39,"column":143},"end":{"line":39,"column":155}}],"line":39},"4":{"loc":{"start":{"line":44,"column":8},"end":{"line":46,"column":9}},"type":"if","locations":[{"start":{"line":44,"column":8},"end":{"line":46,"column":9}},{"start":{},"end":{}}],"line":44},"5":{"loc":{"start":{"line":47,"column":8},"end":{"line":49,"column":9}},"type":"if","locations":[{"start":{"line":47,"column":8},"end":{"line":49,"column":9}},{"start":{},"end":{}}],"line":47},"6":{"loc":{"start":{"line":50,"column":8},"end":{"line":52,"column":9}},"type":"if","locations":[{"start":{"line":50,"column":8},"end":{"line":52,"column":9}},{"start":{},"end":{}}],"line":50},"7":{"loc":{"start":{"line":50,"column":12},"end":{"line":50,"column":54}},"type":"binary-expr","locations":[{"start":{"line":50,"column":12},"end":{"line":50,"column":26}},{"start":{"line":50,"column":30},"end":{"line":50,"column":54}}],"line":50},"8":{"loc":{"start":{"line":57,"column":8},"end":{"line":59,"column":9}},"type":"if","locations":[{"start":{"line":57,"column":8},"end":{"line":59,"column":9}},{"start":{},"end":{}}],"line":57},"9":{"loc":{"start":{"line":64,"column":8},"end":{"line":66,"column":9}},"type":"if","locations":[{"start":{"line":64,"column":8},"end":{"line":66,"column":9}},{"start":{},"end":{}}],"line":64},"10":{"loc":{"start":{"line":67,"column":8},"end":{"line":69,"column":9}},"type":"if","locations":[{"start":{"line":67,"column":8},"end":{"line":69,"column":9}},{"start":{},"end":{}}],"line":67},"11":{"loc":{"start":{"line":67,"column":12},"end":{"line":67,"column":120}},"type":"binary-expr","locations":[{"start":{"line":67,"column":13},"end":{"line":67,"column":65}},{"start":{"line":67,"column":69},"end":{"line":67,"column":91}},{"start":{"line":67,"column":96},"end":{"line":67,"column":120}}],"line":67}},"s":{"0":1,"1":1,"2":1,"3":1,"4":1,"5":1,"6":0,"7":0,"8":0,"9":0,"10":0,"11":0,"12":0,"13":0,"14":0,"15":0,"16":0,"17":1,"18":0,"19":0,"20":1,"21":0,"22":0,"23":0,"24":0,"25":0,"26":0,"27":0,"28":0,"29":0,"30":0,"31":0,"32":0,"33":0,"34":0,"35":0,"36":0,"37":0,"38":0,"39":0,"40":0,"41":0,"42":0,"43":0,"44":0,"45":0,"46":1},"f":{"0":1,"1":0,"2":0,"3":0,"4":0,"5":1,"6":0,"7":0,"8":0,"9":0,"10":0,"11":0,"12":0,"13":0,"14":0},"b":{"0":[0,0],"1":[0,0],"2":[0,1],"3":[0,0],"4":[0,0],"5":[0,0],"6":[0,0],"7":[0,0],"8":[0,0],"9":[0,0],"10":[0,0],"11":[0,0,0]},"inputSourceMap":null,"_coverageSchema":"1a1c01bbd47fc00a2c39e90264f33305004495a9","hash":"2487024c12da081b99af62c044a6d3e92fdc9770"}
,"C:\\Users\\Ivan\\WebstormProjects\\TypeScript-Courses\\15-TaskManager\\Task\\TasksEnums\\Priorities.js": {"path":"C:\\Users\\Ivan\\WebstormProjects\\TypeScript-Courses\\15-TaskManager\\Task\\TasksEnums\\Priorities.js","statementMap":{"0":{"start":{"line":2,"column":0},"end":{"line":2,"column":62}},"1":{"start":{"line":3,"column":0},"end":{"line":3,"column":26}},"2":{"start":{"line":5,"column":0},"end":{"line":9,"column":51}},"3":{"start":{"line":6,"column":4},"end":{"line":6,"column":30}},"4":{"start":{"line":7,"column":4},"end":{"line":7,"column":34}},"5":{"start":{"line":8,"column":4},"end":{"line":8,"column":28}}},"fnMap":{"0":{"name":"(anonymous_0)","decl":{"start":{"line":5,"column":1},"end":{"line":5,"column":2}},"loc":{"start":{"line":5,"column":21},"end":{"line":9,"column":1}},"line":5}},"branchMap":{"0":{"loc":{"start":{"line":9,"column":3},"end":{"line":9,"column":49}},"type":"binary-expr","locations":[{"start":{"line":9,"column":3},"end":{"line":9,"column":11}},{"start":{"line":9,"column":16},"end":{"line":9,"column":48}}],"line":9}},"s":{"0":1,"1":1,"2":1,"3":1,"4":1,"5":1},"f":{"0":1},"b":{"0":[1,1]},"inputSourceMap":null,"_coverageSchema":"1a1c01bbd47fc00a2c39e90264f33305004495a9","hash":"68e834fdb198c640943c541fe7ce7d95adb972f8"}
,"C:\\Users\\Ivan\\WebstormProjects\\TypeScript-Courses\\15-TaskManager\\Task\\TasksEnums\\Statutes.js": {"path":"C:\\Users\\Ivan\\WebstormProjects\\TypeScript-Courses\\15-TaskManager\\Task\\TasksEnums\\Statutes.js","statementMap":{"0":{"start":{"line":2,"column":0},"end":{"line":2,"column":62}},"1":{"start":{"line":3,"column":0},"end":{"line":3,"column":24}},"2":{"start":{"line":5,"column":0},"end":{"line":10,"column":45}},"3":{"start":{"line":6,"column":4},"end":{"line":6,"column":26}},"4":{"start":{"line":7,"column":4},"end":{"line":7,"column":41}},"5":{"start":{"line":8,"column":4},"end":{"line":8,"column":28}},"6":{"start":{"line":9,"column":4},"end":{"line":9,"column":38}}},"fnMap":{"0":{"name":"(anonymous_0)","decl":{"start":{"line":5,"column":1},"end":{"line":5,"column":2}},"loc":{"start":{"line":5,"column":19},"end":{"line":10,"column":1}},"line":5}},"branchMap":{"0":{"loc":{"start":{"line":10,"column":3},"end":{"line":10,"column":43}},"type":"binary-expr","locations":[{"start":{"line":10,"column":3},"end":{"line":10,"column":9}},{"start":{"line":10,"column":14},"end":{"line":10,"column":42}}],"line":10}},"s":{"0":1,"1":1,"2":1,"3":1,"4":1,"5":1,"6":1},"f":{"0":1},"b":{"0":[1,1]},"inputSourceMap":null,"_coverageSchema":"1a1c01bbd47fc00a2c39e90264f33305004495a9","hash":"db2793edaf0c32cfa3b3b1a4a82734a1474acd16"}
,"C:\\Users\\Ivan\\WebstormProjects\\TypeScript-Courses\\15-TaskManager\\Task\\TasksEnums\\TaskTypes.js": {"path":"C:\\Users\\Ivan\\WebstormProjects\\TypeScript-Courses\\15-TaskManager\\Task\\TasksEnums\\TaskTypes.js","statementMap":{"0":{"start":{"line":2,"column":0},"end":{"line":2,"column":62}},"1":{"start":{"line":3,"column":0},"end":{"line":3,"column":27}},"2":{"start":{"line":5,"column":0},"end":{"line":9,"column":54}},"3":{"start":{"line":6,"column":4},"end":{"line":6,"column":33}},"4":{"start":{"line":7,"column":4},"end":{"line":7,"column":29}},"5":{"start":{"line":8,"column":4},"end":{"line":8,"column":31}}},"fnMap":{"0":{"name":"(anonymous_0)","decl":{"start":{"line":5,"column":1},"end":{"line":5,"column":2}},"loc":{"start":{"line":5,"column":22},"end":{"line":9,"column":1}},"line":5}},"branchMap":{"0":{"loc":{"start":{"line":9,"column":3},"end":{"line":9,"column":52}},"type":"binary-expr","locations":[{"start":{"line":9,"column":3},"end":{"line":9,"column":12}},{"start":{"line":9,"column":17},"end":{"line":9,"column":51}}],"line":9}},"s":{"0":1,"1":1,"2":1,"3":1,"4":1,"5":1},"f":{"0":1},"b":{"0":[1,1]},"inputSourceMap":null,"_coverageSchema":"1a1c01bbd47fc00a2c39e90264f33305004495a9","hash":"68833f76b38baa5d6fcd4868a2e0d210ce01872a"}
,"C:\\Users\\Ivan\\WebstormProjects\\TypeScript-Courses\\15-TaskManager\\Task\\utils\\Observer\\Observable.js": {"path":"C:\\Users\\Ivan\\WebstormProjects\\TypeScript-Courses\\15-TaskManager\\Task\\utils\\Observer\\Observable.js","statementMap":{"0":{"start":{"line":2,"column":0},"end":{"line":2,"column":62}},"1":{"start":{"line":3,"column":0},"end":{"line":3,"column":28}},"2":{"start":{"line":6,"column":8},"end":{"line":6,"column":28}},"3":{"start":{"line":9,"column":8},"end":{"line":10,"column":42}},"4":{"start":{"line":10,"column":12},"end":{"line":10,"column":42}},"5":{"start":{"line":13,"column":22},"end":{"line":13,"column":54}},"6":{"start":{"line":14,"column":8},"end":{"line":15,"column":44}},"7":{"start":{"line":15,"column":12},"end":{"line":15,"column":44}},"8":{"start":{"line":18,"column":8},"end":{"line":20,"column":9}},"9":{"start":{"line":19,"column":12},"end":{"line":19,"column":30}},"10":{"start":{"line":23,"column":0},"end":{"line":23,"column":32}}},"fnMap":{"0":{"name":"(anonymous_0)","decl":{"start":{"line":5,"column":4},"end":{"line":5,"column":5}},"loc":{"start":{"line":5,"column":18},"end":{"line":7,"column":5}},"line":5},"1":{"name":"(anonymous_1)","decl":{"start":{"line":8,"column":4},"end":{"line":8,"column":5}},"loc":{"start":{"line":8,"column":21},"end":{"line":11,"column":5}},"line":8},"2":{"name":"(anonymous_2)","decl":{"start":{"line":12,"column":4},"end":{"line":12,"column":5}},"loc":{"start":{"line":12,"column":21},"end":{"line":16,"column":5}},"line":12},"3":{"name":"(anonymous_3)","decl":{"start":{"line":17,"column":4},"end":{"line":17,"column":5}},"loc":{"start":{"line":17,"column":13},"end":{"line":21,"column":5}},"line":17}},"branchMap":{"0":{"loc":{"start":{"line":9,"column":8},"end":{"line":10,"column":42}},"type":"if","locations":[{"start":{"line":9,"column":8},"end":{"line":10,"column":42}},{"start":{},"end":{}}],"line":9},"1":{"loc":{"start":{"line":14,"column":8},"end":{"line":15,"column":44}},"type":"if","locations":[{"start":{"line":14,"column":8},"end":{"line":15,"column":44}},{"start":{},"end":{}}],"line":14}},"s":{"0":1,"1":1,"2":1,"3":0,"4":0,"5":0,"6":0,"7":0,"8":0,"9":0,"10":1},"f":{"0":1,"1":0,"2":0,"3":0},"b":{"0":[0,0],"1":[0,0]},"inputSourceMap":null,"_coverageSchema":"1a1c01bbd47fc00a2c39e90264f33305004495a9","hash":"f6ee3e7fdf62b676dc6e0c455623785a495aaca8"}
}
